<?xml version="1.0" encoding="UTF-8"?>
<testng-results ignored="0" total="2" passed="2" failed="0" skipped="0">
  <reporter-output>
  </reporter-output>
  <suite started-at="2021-10-08T14:50:39 CDT" name="Default suite" finished-at="2021-10-08T14:50:44 CDT" duration-ms="5003">
    <groups>
    </groups>
    <test started-at="2021-10-08T14:50:39 CDT" name="Default test" finished-at="2021-10-08T14:50:44 CDT" duration-ms="5003">
      <class name="restAssured.RestGet">
        <test-method signature="testCase1()[pri:0, instance:restAssured.RestGet@152aa092]" started-at="2021-10-08T14:50:39 CDT" name="testCase1" finished-at="2021-10-08T14:50:42 CDT" duration-ms="2836" status="PASS">
          <reporter-output>
          </reporter-output>
        </test-method> <!-- testCase1 -->
        <test-method signature="testCase2()[pri:0, instance:restAssured.RestGet@152aa092]" started-at="2021-10-08T14:50:42 CDT" name="testCase2" finished-at="2021-10-08T14:50:44 CDT" duration-ms="2115" status="PASS">
          <reporter-output>
          </reporter-output>
        </test-method> <!-- testCase2 -->
      </class> <!-- restAssured.RestGet -->
    </test> <!-- Default test -->
  </suite> <!-- Default suite -->
</testng-results>
